<?xml version="1.0" encoding="UTF-8"?>
<testsuite xmlns:xsi="http://www.w3.org/2001/XMLSchema-instance" xsi:noNamespaceSchemaLocation="https://maven.apache.org/surefire/maven-surefire-plugin/xsd/surefire-test-report.xsd" name="com.salaboy.conferences.agenda.rest.controller.AgendaControllerIntegrationTest" time="6.165" tests="6" errors="0" skipped="0" failures="0">
  <properties>
    <property name="awt.toolkit" value="sun.lwawt.macosx.LWCToolkit"/>
    <property name="java.specification.version" value="12"/>
    <property name="sun.jnu.encoding" value="UTF-8"/>
    <property name="java.class.path" value="/Users/salaboy/code/jx3/fmtok8s/fmtok8s-agenda-rest/target/test-classes:/Users/salaboy/code/jx3/fmtok8s/fmtok8s-agenda-rest/target/classes:/Users/salaboy/.m2/repository/de/flapdoodle/embed/de.flapdoodle.embed.mongo/2.2.0/de.flapdoodle.embed.mongo-2.2.0.jar:/Users/salaboy/.m2/repository/de/flapdoodle/embed/de.flapdoodle.embed.process/2.1.2/de.flapdoodle.embed.process-2.1.2.jar:/Users/salaboy/.m2/repository/org/apache/commons/commons-lang3/3.10/commons-lang3-3.10.jar:/Users/salaboy/.m2/repository/net/java/dev/jna/jna/4.0.0/jna-4.0.0.jar:/Users/salaboy/.m2/repository/net/java/dev/jna/jna-platform/4.0.0/jna-platform-4.0.0.jar:/Users/salaboy/.m2/repository/org/apache/commons/commons-compress/1.18/commons-compress-1.18.jar:/Users/salaboy/.m2/repository/org/slf4j/slf4j-api/1.7.30/slf4j-api-1.7.30.jar:/Users/salaboy/.m2/repository/org/springframework/boot/spring-boot-starter-data-mongodb-reactive/2.3.3.RELEASE/spring-boot-starter-data-mongodb-reactive-2.3.3.RELEASE.jar:/Users/salaboy/.m2/repository/org/springframework/boot/spring-boot-starter/2.3.3.RELEASE/spring-boot-starter-2.3.3.RELEASE.jar:/Users/salaboy/.m2/repository/org/springframework/boot/spring-boot/2.3.3.RELEASE/spring-boot-2.3.3.RELEASE.jar:/Users/salaboy/.m2/repository/org/springframework/boot/spring-boot-autoconfigure/2.3.3.RELEASE/spring-boot-autoconfigure-2.3.3.RELEASE.jar:/Users/salaboy/.m2/repository/org/springframework/boot/spring-boot-starter-logging/2.3.3.RELEASE/spring-boot-starter-logging-2.3.3.RELEASE.jar:/Users/salaboy/.m2/repository/ch/qos/logback/logback-classic/1.2.3/logback-classic-1.2.3.jar:/Users/salaboy/.m2/repository/ch/qos/logback/logback-core/1.2.3/logback-core-1.2.3.jar:/Users/salaboy/.m2/repository/org/apache/logging/log4j/log4j-to-slf4j/2.13.3/log4j-to-slf4j-2.13.3.jar:/Users/salaboy/.m2/repository/org/apache/logging/log4j/log4j-api/2.13.3/log4j-api-2.13.3.jar:/Users/salaboy/.m2/repository/org/slf4j/jul-to-slf4j/1.7.30/jul-to-slf4j-1.7.30.jar:/Users/salaboy/.m2/repository/jakarta/annotation/jakarta.annotation-api/1.3.5/jakarta.annotation-api-1.3.5.jar:/Users/salaboy/.m2/repository/org/yaml/snakeyaml/1.26/snakeyaml-1.26.jar:/Users/salaboy/.m2/repository/io/projectreactor/reactor-core/3.3.9.RELEASE/reactor-core-3.3.9.RELEASE.jar:/Users/salaboy/.m2/repository/org/reactivestreams/reactive-streams/1.0.3/reactive-streams-1.0.3.jar:/Users/salaboy/.m2/repository/org/mongodb/mongodb-driver-reactivestreams/4.0.5/mongodb-driver-reactivestreams-4.0.5.jar:/Users/salaboy/.m2/repository/org/mongodb/bson/4.0.5/bson-4.0.5.jar:/Users/salaboy/.m2/repository/org/mongodb/mongodb-driver-core/4.0.5/mongodb-driver-core-4.0.5.jar:/Users/salaboy/.m2/repository/org/springframework/data/spring-data-mongodb/3.0.3.RELEASE/spring-data-mongodb-3.0.3.RELEASE.jar:/Users/salaboy/.m2/repository/org/springframework/spring-tx/5.2.8.RELEASE/spring-tx-5.2.8.RELEASE.jar:/Users/salaboy/.m2/repository/org/springframework/spring-context/5.2.8.RELEASE/spring-context-5.2.8.RELEASE.jar:/Users/salaboy/.m2/repository/org/springframework/spring-aop/5.2.8.RELEASE/spring-aop-5.2.8.RELEASE.jar:/Users/salaboy/.m2/repository/org/springframework/spring-beans/5.2.8.RELEASE/spring-beans-5.2.8.RELEASE.jar:/Users/salaboy/.m2/repository/org/springframework/spring-expression/5.2.8.RELEASE/spring-expression-5.2.8.RELEASE.jar:/Users/salaboy/.m2/repository/org/springframework/data/spring-data-commons/2.3.3.RELEASE/spring-data-commons-2.3.3.RELEASE.jar:/Users/salaboy/.m2/repository/org/springframework/boot/spring-boot-starter-actuator/2.3.3.RELEASE/spring-boot-starter-actuator-2.3.3.RELEASE.jar:/Users/salaboy/.m2/repository/org/springframework/boot/spring-boot-actuator-autoconfigure/2.3.3.RELEASE/spring-boot-actuator-autoconfigure-2.3.3.RELEASE.jar:/Users/salaboy/.m2/repository/org/springframework/boot/spring-boot-actuator/2.3.3.RELEASE/spring-boot-actuator-2.3.3.RELEASE.jar:/Users/salaboy/.m2/repository/com/fasterxml/jackson/datatype/jackson-datatype-jsr310/2.11.2/jackson-datatype-jsr310-2.11.2.jar:/Users/salaboy/.m2/repository/io/micrometer/micrometer-core/1.5.4/micrometer-core-1.5.4.jar:/Users/salaboy/.m2/repository/org/hdrhistogram/HdrHistogram/2.1.12/HdrHistogram-2.1.12.jar:/Users/salaboy/.m2/repository/org/latencyutils/LatencyUtils/2.0.3/LatencyUtils-2.0.3.jar:/Users/salaboy/.m2/repository/org/springframework/boot/spring-boot-starter-webflux/2.3.3.RELEASE/spring-boot-starter-webflux-2.3.3.RELEASE.jar:/Users/salaboy/.m2/repository/org/springframework/boot/spring-boot-starter-json/2.3.3.RELEASE/spring-boot-starter-json-2.3.3.RELEASE.jar:/Users/salaboy/.m2/repository/com/fasterxml/jackson/datatype/jackson-datatype-jdk8/2.11.2/jackson-datatype-jdk8-2.11.2.jar:/Users/salaboy/.m2/repository/com/fasterxml/jackson/module/jackson-module-parameter-names/2.11.2/jackson-module-parameter-names-2.11.2.jar:/Users/salaboy/.m2/repository/org/springframework/boot/spring-boot-starter-reactor-netty/2.3.3.RELEASE/spring-boot-starter-reactor-netty-2.3.3.RELEASE.jar:/Users/salaboy/.m2/repository/io/projectreactor/netty/reactor-netty/0.9.11.RELEASE/reactor-netty-0.9.11.RELEASE.jar:/Users/salaboy/.m2/repository/io/netty/netty-codec-http/4.1.51.Final/netty-codec-http-4.1.51.Final.jar:/Users/salaboy/.m2/repository/io/netty/netty-common/4.1.51.Final/netty-common-4.1.51.Final.jar:/Users/salaboy/.m2/repository/io/netty/netty-buffer/4.1.51.Final/netty-buffer-4.1.51.Final.jar:/Users/salaboy/.m2/repository/io/netty/netty-transport/4.1.51.Final/netty-transport-4.1.51.Final.jar:/Users/salaboy/.m2/repository/io/netty/netty-codec/4.1.51.Final/netty-codec-4.1.51.Final.jar:/Users/salaboy/.m2/repository/io/netty/netty-codec-http2/4.1.51.Final/netty-codec-http2-4.1.51.Final.jar:/Users/salaboy/.m2/repository/io/netty/netty-handler/4.1.51.Final/netty-handler-4.1.51.Final.jar:/Users/salaboy/.m2/repository/io/netty/netty-resolver/4.1.51.Final/netty-resolver-4.1.51.Final.jar:/Users/salaboy/.m2/repository/io/netty/netty-handler-proxy/4.1.51.Final/netty-handler-proxy-4.1.51.Final.jar:/Users/salaboy/.m2/repository/io/netty/netty-codec-socks/4.1.51.Final/netty-codec-socks-4.1.51.Final.jar:/Users/salaboy/.m2/repository/io/netty/netty-transport-native-epoll/4.1.51.Final/netty-transport-native-epoll-4.1.51.Final-linux-x86_64.jar:/Users/salaboy/.m2/repository/io/netty/netty-transport-native-unix-common/4.1.51.Final/netty-transport-native-unix-common-4.1.51.Final.jar:/Users/salaboy/.m2/repository/org/springframework/spring-web/5.2.8.RELEASE/spring-web-5.2.8.RELEASE.jar:/Users/salaboy/.m2/repository/org/springframework/spring-webflux/5.2.8.RELEASE/spring-webflux-5.2.8.RELEASE.jar:/Users/salaboy/.m2/repository/org/synchronoss/cloud/nio-multipart-parser/1.1.0/nio-multipart-parser-1.1.0.jar:/Users/salaboy/.m2/repository/org/synchronoss/cloud/nio-stream-storage/1.1.3/nio-stream-storage-1.1.3.jar:/Users/salaboy/.m2/repository/org/springdoc/springdoc-openapi-webflux-ui/1.2.32/springdoc-openapi-webflux-ui-1.2.32.jar:/Users/salaboy/.m2/repository/org/springdoc/springdoc-openapi-webflux-core/1.2.32/springdoc-openapi-webflux-core-1.2.32.jar:/Users/salaboy/.m2/repository/org/springdoc/springdoc-openapi-common/1.2.32/springdoc-openapi-common-1.2.32.jar:/Users/salaboy/.m2/repository/io/swagger/core/v3/swagger-models/2.1.1/swagger-models-2.1.1.jar:/Users/salaboy/.m2/repository/io/swagger/core/v3/swagger-annotations/2.1.1/swagger-annotations-2.1.1.jar:/Users/salaboy/.m2/repository/io/swagger/core/v3/swagger-integration/2.1.1/swagger-integration-2.1.1.jar:/Users/salaboy/.m2/repository/io/swagger/core/v3/swagger-core/2.1.1/swagger-core-2.1.1.jar:/Users/salaboy/.m2/repository/javax/validation/validation-api/2.0.1.Final/validation-api-2.0.1.Final.jar:/Users/salaboy/.m2/repository/io/github/classgraph/classgraph/4.8.44/classgraph-4.8.44.jar:/Users/salaboy/.m2/repository/org/webjars/swagger-ui/3.25.0/swagger-ui-3.25.0.jar:/Users/salaboy/.m2/repository/org/webjars/webjars-locator/0.38/webjars-locator-0.38.jar:/Users/salaboy/.m2/repository/org/webjars/webjars-locator-core/0.45/webjars-locator-core-0.45.jar:/Users/salaboy/.m2/repository/com/github/salaboy/zeebe-cloud-events-java-sdk/master-1d4ca7915a-1/zeebe-cloud-events-java-sdk-master-1d4ca7915a-1.jar:/Users/salaboy/.m2/repository/com/github/salaboy/spring-boot-starter-webflux-cloudevents/master-c2d5646813-1/spring-boot-starter-webflux-cloudevents-master-c2d5646813-1.jar:/Users/salaboy/.m2/repository/org/projectlombok/lombok/1.18.12/lombok-1.18.12.jar:/Users/salaboy/.m2/repository/io/cloudevents/cloudevents-json-jackson/2.0.0-milestone1/cloudevents-json-jackson-2.0.0-milestone1.jar:/Users/salaboy/.m2/repository/io/cloudevents/cloudevents-core/2.0.0-milestone1/cloudevents-core-2.0.0-milestone1.jar:/Users/salaboy/.m2/repository/io/cloudevents/cloudevents-api/2.0.0-milestone1/cloudevents-api-2.0.0-milestone1.jar:/Users/salaboy/.m2/repository/com/fasterxml/jackson/core/jackson-core/2.11.2/jackson-core-2.11.2.jar:/Users/salaboy/.m2/repository/com/fasterxml/jackson/core/jackson-databind/2.11.2/jackson-databind-2.11.2.jar:/Users/salaboy/.m2/repository/com/fasterxml/jackson/core/jackson-annotations/2.11.2/jackson-annotations-2.11.2.jar:/Users/salaboy/.m2/repository/org/springframework/boot/spring-boot-starter-test/2.3.3.RELEASE/spring-boot-starter-test-2.3.3.RELEASE.jar:/Users/salaboy/.m2/repository/org/springframework/boot/spring-boot-test/2.3.3.RELEASE/spring-boot-test-2.3.3.RELEASE.jar:/Users/salaboy/.m2/repository/org/springframework/boot/spring-boot-test-autoconfigure/2.3.3.RELEASE/spring-boot-test-autoconfigure-2.3.3.RELEASE.jar:/Users/salaboy/.m2/repository/com/jayway/jsonpath/json-path/2.4.0/json-path-2.4.0.jar:/Users/salaboy/.m2/repository/net/minidev/json-smart/2.3/json-smart-2.3.jar:/Users/salaboy/.m2/repository/net/minidev/accessors-smart/1.2/accessors-smart-1.2.jar:/Users/salaboy/.m2/repository/jakarta/xml/bind/jakarta.xml.bind-api/2.3.3/jakarta.xml.bind-api-2.3.3.jar:/Users/salaboy/.m2/repository/jakarta/activation/jakarta.activation-api/1.2.2/jakarta.activation-api-1.2.2.jar:/Users/salaboy/.m2/repository/org/assertj/assertj-core/3.16.1/assertj-core-3.16.1.jar:/Users/salaboy/.m2/repository/org/hamcrest/hamcrest/2.2/hamcrest-2.2.jar:/Users/salaboy/.m2/repository/org/junit/jupiter/junit-jupiter/5.6.2/junit-jupiter-5.6.2.jar:/Users/salaboy/.m2/repository/org/junit/jupiter/junit-jupiter-api/5.6.2/junit-jupiter-api-5.6.2.jar:/Users/salaboy/.m2/repository/org/opentest4j/opentest4j/1.2.0/opentest4j-1.2.0.jar:/Users/salaboy/.m2/repository/org/junit/platform/junit-platform-commons/1.6.2/junit-platform-commons-1.6.2.jar:/Users/salaboy/.m2/repository/org/junit/jupiter/junit-jupiter-params/5.6.2/junit-jupiter-params-5.6.2.jar:/Users/salaboy/.m2/repository/org/junit/jupiter/junit-jupiter-engine/5.6.2/junit-jupiter-engine-5.6.2.jar:/Users/salaboy/.m2/repository/org/junit/vintage/junit-vintage-engine/5.6.2/junit-vintage-engine-5.6.2.jar:/Users/salaboy/.m2/repository/org/apiguardian/apiguardian-api/1.1.0/apiguardian-api-1.1.0.jar:/Users/salaboy/.m2/repository/org/junit/platform/junit-platform-engine/1.6.2/junit-platform-engine-1.6.2.jar:/Users/salaboy/.m2/repository/junit/junit/4.13/junit-4.13.jar:/Users/salaboy/.m2/repository/org/mockito/mockito-core/3.3.3/mockito-core-3.3.3.jar:/Users/salaboy/.m2/repository/net/bytebuddy/byte-buddy/1.10.14/byte-buddy-1.10.14.jar:/Users/salaboy/.m2/repository/net/bytebuddy/byte-buddy-agent/1.10.14/byte-buddy-agent-1.10.14.jar:/Users/salaboy/.m2/repository/org/objenesis/objenesis/2.6/objenesis-2.6.jar:/Users/salaboy/.m2/repository/org/mockito/mockito-junit-jupiter/3.3.3/mockito-junit-jupiter-3.3.3.jar:/Users/salaboy/.m2/repository/org/skyscreamer/jsonassert/1.5.0/jsonassert-1.5.0.jar:/Users/salaboy/.m2/repository/com/vaadin/external/google/android-json/0.0.20131108.vaadin1/android-json-0.0.20131108.vaadin1.jar:/Users/salaboy/.m2/repository/org/springframework/spring-core/5.2.8.RELEASE/spring-core-5.2.8.RELEASE.jar:/Users/salaboy/.m2/repository/org/springframework/spring-jcl/5.2.8.RELEASE/spring-jcl-5.2.8.RELEASE.jar:/Users/salaboy/.m2/repository/org/springframework/spring-test/5.2.8.RELEASE/spring-test-5.2.8.RELEASE.jar:/Users/salaboy/.m2/repository/org/xmlunit/xmlunit-core/2.7.0/xmlunit-core-2.7.0.jar:/Users/salaboy/.m2/repository/org/springframework/cloud/spring-cloud-starter-contract-verifier/2.2.1.RELEASE/spring-cloud-starter-contract-verifier-2.2.1.RELEASE.jar:/Users/salaboy/.m2/repository/org/springframework/cloud/spring-cloud-contract-verifier/2.2.1.RELEASE/spring-cloud-contract-verifier-2.2.1.RELEASE.jar:/Users/salaboy/.m2/repository/org/springframework/cloud/spring-cloud-contract-spec/2.2.1.RELEASE/spring-cloud-contract-spec-2.2.1.RELEASE.jar:/Users/salaboy/.m2/repository/org/springframework/cloud/spring-cloud-contract-spec-java/2.2.1.RELEASE/spring-cloud-contract-spec-java-2.2.1.RELEASE.jar:/Users/salaboy/.m2/repository/dk/brics/automaton/automaton/1.11-8/automaton-1.11-8.jar:/Users/salaboy/.m2/repository/org/apache/commons/commons-text/1.7/commons-text-1.7.jar:/Users/salaboy/.m2/repository/org/springframework/cloud/spring-cloud-contract-spec-groovy/2.2.1.RELEASE/spring-cloud-contract-spec-groovy-2.2.1.RELEASE.jar:/Users/salaboy/.m2/repository/org/springframework/cloud/spring-cloud-contract-shade/2.2.1.RELEASE/spring-cloud-contract-shade-2.2.1.RELEASE.jar:/Users/salaboy/.m2/repository/javax/inject/javax.inject/1/javax.inject-1.jar:/Users/salaboy/.m2/repository/com/github/tomakehurst/wiremock-jre8-standalone/2.25.1/wiremock-jre8-standalone-2.25.1.jar:/Users/salaboy/.m2/repository/org/apache/maven/resolver/maven-resolver-api/1.3.3/maven-resolver-api-1.3.3.jar:/Users/salaboy/.m2/repository/com/rackspace/eclipse/webtools/sourceediting/org.eclipse.wst.xml.xpath2.processor/2.1.100/org.eclipse.wst.xml.xpath2.processor-2.1.100.jar:/Users/salaboy/.m2/repository/edu/princeton/cup/java-cup/10k/java-cup-10k.jar:/Users/salaboy/.m2/repository/com/ibm/icu/icu4j/4.6/icu4j-4.6.jar:/Users/salaboy/.m2/repository/org/codehaus/groovy/groovy/2.5.13/groovy-2.5.13.jar:/Users/salaboy/.m2/repository/org/codehaus/groovy/groovy-nio/2.5.13/groovy-nio-2.5.13.jar:/Users/salaboy/.m2/repository/org/codehaus/groovy/groovy-json/2.5.13/groovy-json-2.5.13.jar:/Users/salaboy/.m2/repository/org/codehaus/groovy/groovy-xml/2.5.13/groovy-xml-2.5.13.jar:/Users/salaboy/.m2/repository/com/github/jknack/handlebars/4.1.2/handlebars-4.1.2.jar:/Users/salaboy/.m2/repository/commons-beanutils/commons-beanutils/1.9.4/commons-beanutils-1.9.4.jar:/Users/salaboy/.m2/repository/commons-logging/commons-logging/1.2/commons-logging-1.2.jar:/Users/salaboy/.m2/repository/commons-collections/commons-collections/3.2.2/commons-collections-3.2.2.jar:/Users/salaboy/.m2/repository/com/fasterxml/jackson/dataformat/jackson-dataformat-yaml/2.11.2/jackson-dataformat-yaml-2.11.2.jar:/Users/salaboy/.m2/repository/org/springframework/cloud/spring-cloud-function-compiler/3.0.1.RELEASE/spring-cloud-function-compiler-3.0.1.RELEASE.jar:/Users/salaboy/.m2/repository/org/eclipse/jdt/core/compiler/ecj/4.4.2/ecj-4.4.2.jar:/Users/salaboy/.m2/repository/org/springframework/cloud/spring-cloud-function-core/3.0.1.RELEASE/spring-cloud-function-core-3.0.1.RELEASE.jar:/Users/salaboy/.m2/repository/javax/annotation/javax.annotation-api/1.3.2/javax.annotation-api-1.3.2.jar:/Users/salaboy/.m2/repository/io/rest-assured/rest-assured/3.3.0/rest-assured-3.3.0.jar:/Users/salaboy/.m2/repository/org/apache/httpcomponents/httpclient/4.5.12/httpclient-4.5.12.jar:/Users/salaboy/.m2/repository/org/apache/httpcomponents/httpcore/4.4.13/httpcore-4.4.13.jar:/Users/salaboy/.m2/repository/commons-codec/commons-codec/1.14/commons-codec-1.14.jar:/Users/salaboy/.m2/repository/org/apache/httpcomponents/httpmime/4.5.12/httpmime-4.5.12.jar:/Users/salaboy/.m2/repository/org/hamcrest/hamcrest-core/2.2/hamcrest-core-2.2.jar:/Users/salaboy/.m2/repository/org/hamcrest/hamcrest-library/2.2/hamcrest-library-2.2.jar:/Users/salaboy/.m2/repository/org/ccil/cowan/tagsoup/tagsoup/1.2.1/tagsoup-1.2.1.jar:/Users/salaboy/.m2/repository/io/rest-assured/json-path/3.3.0/json-path-3.3.0.jar:/Users/salaboy/.m2/repository/io/rest-assured/rest-assured-common/3.3.0/rest-assured-common-3.3.0.jar:/Users/salaboy/.m2/repository/io/rest-assured/xml-path/3.3.0/xml-path-3.3.0.jar:/Users/salaboy/.m2/repository/javax/xml/bind/jaxb-api/2.3.1/jaxb-api-2.3.1.jar:/Users/salaboy/.m2/repository/javax/activation/javax.activation-api/1.2.0/javax.activation-api-1.2.0.jar:/Users/salaboy/.m2/repository/com/sun/xml/bind/jaxb-osgi/2.2.10/jaxb-osgi-2.2.10.jar:/Users/salaboy/.m2/repository/org/apache/sling/org.apache.sling.javax.activation/0.1.0/org.apache.sling.javax.activation-0.1.0.jar:/Users/salaboy/.m2/repository/javax/activation/activation/1.1.1/activation-1.1.1.jar:/Users/salaboy/.m2/repository/io/rest-assured/spring-mock-mvc/3.3.0/spring-mock-mvc-3.3.0.jar:/Users/salaboy/.m2/repository/io/rest-assured/spring-commons/3.3.0/spring-commons-3.3.0.jar:/Users/salaboy/.m2/repository/com/toomuchcoding/jsonassert/jsonassert/0.4.13/jsonassert-0.4.13.jar:/Users/salaboy/.m2/repository/cglib/cglib/3.2.9/cglib-3.2.9.jar:/Users/salaboy/.m2/repository/org/ow2/asm/asm/7.0/asm-7.0.jar:/Users/salaboy/.m2/repository/org/apache/ant/ant/1.10.3/ant-1.10.3.jar:/Users/salaboy/.m2/repository/org/apache/ant/ant-launcher/1.10.3/ant-launcher-1.10.3.jar:"/>
    <property name="java.vm.vendor" value="AdoptOpenJDK"/>
    <property name="sun.arch.data.model" value="64"/>
    <property name="java.vendor.url" value="https://adoptopenjdk.net/"/>
    <property name="user.timezone" value="Atlantic/Canary"/>
    <property name="os.name" value="Mac OS X"/>
    <property name="java.vm.specification.version" value="12"/>
    <property name="sun.java.launcher" value="SUN_STANDARD"/>
    <property name="user.country" value="GB"/>
    <property name="sun.boot.library.path" value="/Library/Java/JavaVirtualMachines/adoptopenjdk-12.0.2.jdk/Contents/Home/lib"/>
    <property name="sun.java.command" value="/Users/salaboy/code/jx3/fmtok8s/fmtok8s-agenda-rest/target/surefire/surefirebooter13908255935242051369.jar /Users/salaboy/code/jx3/fmtok8s/fmtok8s-agenda-rest/target/surefire 2020-11-09T16-02-12_258-jvmRun1 surefire5224671020112103698tmp surefire_011096019296729589649tmp"/>
    <property name="http.nonProxyHosts" value="local|*.local|169.254/16|*.169.254/16"/>
    <property name="jdk.debug" value="release"/>
    <property name="surefire.test.class.path" value="/Users/salaboy/code/jx3/fmtok8s/fmtok8s-agenda-rest/target/test-classes:/Users/salaboy/code/jx3/fmtok8s/fmtok8s-agenda-rest/target/classes:/Users/salaboy/.m2/repository/de/flapdoodle/embed/de.flapdoodle.embed.mongo/2.2.0/de.flapdoodle.embed.mongo-2.2.0.jar:/Users/salaboy/.m2/repository/de/flapdoodle/embed/de.flapdoodle.embed.process/2.1.2/de.flapdoodle.embed.process-2.1.2.jar:/Users/salaboy/.m2/repository/org/apache/commons/commons-lang3/3.10/commons-lang3-3.10.jar:/Users/salaboy/.m2/repository/net/java/dev/jna/jna/4.0.0/jna-4.0.0.jar:/Users/salaboy/.m2/repository/net/java/dev/jna/jna-platform/4.0.0/jna-platform-4.0.0.jar:/Users/salaboy/.m2/repository/org/apache/commons/commons-compress/1.18/commons-compress-1.18.jar:/Users/salaboy/.m2/repository/org/slf4j/slf4j-api/1.7.30/slf4j-api-1.7.30.jar:/Users/salaboy/.m2/repository/org/springframework/boot/spring-boot-starter-data-mongodb-reactive/2.3.3.RELEASE/spring-boot-starter-data-mongodb-reactive-2.3.3.RELEASE.jar:/Users/salaboy/.m2/repository/org/springframework/boot/spring-boot-starter/2.3.3.RELEASE/spring-boot-starter-2.3.3.RELEASE.jar:/Users/salaboy/.m2/repository/org/springframework/boot/spring-boot/2.3.3.RELEASE/spring-boot-2.3.3.RELEASE.jar:/Users/salaboy/.m2/repository/org/springframework/boot/spring-boot-autoconfigure/2.3.3.RELEASE/spring-boot-autoconfigure-2.3.3.RELEASE.jar:/Users/salaboy/.m2/repository/org/springframework/boot/spring-boot-starter-logging/2.3.3.RELEASE/spring-boot-starter-logging-2.3.3.RELEASE.jar:/Users/salaboy/.m2/repository/ch/qos/logback/logback-classic/1.2.3/logback-classic-1.2.3.jar:/Users/salaboy/.m2/repository/ch/qos/logback/logback-core/1.2.3/logback-core-1.2.3.jar:/Users/salaboy/.m2/repository/org/apache/logging/log4j/log4j-to-slf4j/2.13.3/log4j-to-slf4j-2.13.3.jar:/Users/salaboy/.m2/repository/org/apache/logging/log4j/log4j-api/2.13.3/log4j-api-2.13.3.jar:/Users/salaboy/.m2/repository/org/slf4j/jul-to-slf4j/1.7.30/jul-to-slf4j-1.7.30.jar:/Users/salaboy/.m2/repository/jakarta/annotation/jakarta.annotation-api/1.3.5/jakarta.annotation-api-1.3.5.jar:/Users/salaboy/.m2/repository/org/yaml/snakeyaml/1.26/snakeyaml-1.26.jar:/Users/salaboy/.m2/repository/io/projectreactor/reactor-core/3.3.9.RELEASE/reactor-core-3.3.9.RELEASE.jar:/Users/salaboy/.m2/repository/org/reactivestreams/reactive-streams/1.0.3/reactive-streams-1.0.3.jar:/Users/salaboy/.m2/repository/org/mongodb/mongodb-driver-reactivestreams/4.0.5/mongodb-driver-reactivestreams-4.0.5.jar:/Users/salaboy/.m2/repository/org/mongodb/bson/4.0.5/bson-4.0.5.jar:/Users/salaboy/.m2/repository/org/mongodb/mongodb-driver-core/4.0.5/mongodb-driver-core-4.0.5.jar:/Users/salaboy/.m2/repository/org/springframework/data/spring-data-mongodb/3.0.3.RELEASE/spring-data-mongodb-3.0.3.RELEASE.jar:/Users/salaboy/.m2/repository/org/springframework/spring-tx/5.2.8.RELEASE/spring-tx-5.2.8.RELEASE.jar:/Users/salaboy/.m2/repository/org/springframework/spring-context/5.2.8.RELEASE/spring-context-5.2.8.RELEASE.jar:/Users/salaboy/.m2/repository/org/springframework/spring-aop/5.2.8.RELEASE/spring-aop-5.2.8.RELEASE.jar:/Users/salaboy/.m2/repository/org/springframework/spring-beans/5.2.8.RELEASE/spring-beans-5.2.8.RELEASE.jar:/Users/salaboy/.m2/repository/org/springframework/spring-expression/5.2.8.RELEASE/spring-expression-5.2.8.RELEASE.jar:/Users/salaboy/.m2/repository/org/springframework/data/spring-data-commons/2.3.3.RELEASE/spring-data-commons-2.3.3.RELEASE.jar:/Users/salaboy/.m2/repository/org/springframework/boot/spring-boot-starter-actuator/2.3.3.RELEASE/spring-boot-starter-actuator-2.3.3.RELEASE.jar:/Users/salaboy/.m2/repository/org/springframework/boot/spring-boot-actuator-autoconfigure/2.3.3.RELEASE/spring-boot-actuator-autoconfigure-2.3.3.RELEASE.jar:/Users/salaboy/.m2/repository/org/springframework/boot/spring-boot-actuator/2.3.3.RELEASE/spring-boot-actuator-2.3.3.RELEASE.jar:/Users/salaboy/.m2/repository/com/fasterxml/jackson/datatype/jackson-datatype-jsr310/2.11.2/jackson-datatype-jsr310-2.11.2.jar:/Users/salaboy/.m2/repository/io/micrometer/micrometer-core/1.5.4/micrometer-core-1.5.4.jar:/Users/salaboy/.m2/repository/org/hdrhistogram/HdrHistogram/2.1.12/HdrHistogram-2.1.12.jar:/Users/salaboy/.m2/repository/org/latencyutils/LatencyUtils/2.0.3/LatencyUtils-2.0.3.jar:/Users/salaboy/.m2/repository/org/springframework/boot/spring-boot-starter-webflux/2.3.3.RELEASE/spring-boot-starter-webflux-2.3.3.RELEASE.jar:/Users/salaboy/.m2/repository/org/springframework/boot/spring-boot-starter-json/2.3.3.RELEASE/spring-boot-starter-json-2.3.3.RELEASE.jar:/Users/salaboy/.m2/repository/com/fasterxml/jackson/datatype/jackson-datatype-jdk8/2.11.2/jackson-datatype-jdk8-2.11.2.jar:/Users/salaboy/.m2/repository/com/fasterxml/jackson/module/jackson-module-parameter-names/2.11.2/jackson-module-parameter-names-2.11.2.jar:/Users/salaboy/.m2/repository/org/springframework/boot/spring-boot-starter-reactor-netty/2.3.3.RELEASE/spring-boot-starter-reactor-netty-2.3.3.RELEASE.jar:/Users/salaboy/.m2/repository/io/projectreactor/netty/reactor-netty/0.9.11.RELEASE/reactor-netty-0.9.11.RELEASE.jar:/Users/salaboy/.m2/repository/io/netty/netty-codec-http/4.1.51.Final/netty-codec-http-4.1.51.Final.jar:/Users/salaboy/.m2/repository/io/netty/netty-common/4.1.51.Final/netty-common-4.1.51.Final.jar:/Users/salaboy/.m2/repository/io/netty/netty-buffer/4.1.51.Final/netty-buffer-4.1.51.Final.jar:/Users/salaboy/.m2/repository/io/netty/netty-transport/4.1.51.Final/netty-transport-4.1.51.Final.jar:/Users/salaboy/.m2/repository/io/netty/netty-codec/4.1.51.Final/netty-codec-4.1.51.Final.jar:/Users/salaboy/.m2/repository/io/netty/netty-codec-http2/4.1.51.Final/netty-codec-http2-4.1.51.Final.jar:/Users/salaboy/.m2/repository/io/netty/netty-handler/4.1.51.Final/netty-handler-4.1.51.Final.jar:/Users/salaboy/.m2/repository/io/netty/netty-resolver/4.1.51.Final/netty-resolver-4.1.51.Final.jar:/Users/salaboy/.m2/repository/io/netty/netty-handler-proxy/4.1.51.Final/netty-handler-proxy-4.1.51.Final.jar:/Users/salaboy/.m2/repository/io/netty/netty-codec-socks/4.1.51.Final/netty-codec-socks-4.1.51.Final.jar:/Users/salaboy/.m2/repository/io/netty/netty-transport-native-epoll/4.1.51.Final/netty-transport-native-epoll-4.1.51.Final-linux-x86_64.jar:/Users/salaboy/.m2/repository/io/netty/netty-transport-native-unix-common/4.1.51.Final/netty-transport-native-unix-common-4.1.51.Final.jar:/Users/salaboy/.m2/repository/org/springframework/spring-web/5.2.8.RELEASE/spring-web-5.2.8.RELEASE.jar:/Users/salaboy/.m2/repository/org/springframework/spring-webflux/5.2.8.RELEASE/spring-webflux-5.2.8.RELEASE.jar:/Users/salaboy/.m2/repository/org/synchronoss/cloud/nio-multipart-parser/1.1.0/nio-multipart-parser-1.1.0.jar:/Users/salaboy/.m2/repository/org/synchronoss/cloud/nio-stream-storage/1.1.3/nio-stream-storage-1.1.3.jar:/Users/salaboy/.m2/repository/org/springdoc/springdoc-openapi-webflux-ui/1.2.32/springdoc-openapi-webflux-ui-1.2.32.jar:/Users/salaboy/.m2/repository/org/springdoc/springdoc-openapi-webflux-core/1.2.32/springdoc-openapi-webflux-core-1.2.32.jar:/Users/salaboy/.m2/repository/org/springdoc/springdoc-openapi-common/1.2.32/springdoc-openapi-common-1.2.32.jar:/Users/salaboy/.m2/repository/io/swagger/core/v3/swagger-models/2.1.1/swagger-models-2.1.1.jar:/Users/salaboy/.m2/repository/io/swagger/core/v3/swagger-annotations/2.1.1/swagger-annotations-2.1.1.jar:/Users/salaboy/.m2/repository/io/swagger/core/v3/swagger-integration/2.1.1/swagger-integration-2.1.1.jar:/Users/salaboy/.m2/repository/io/swagger/core/v3/swagger-core/2.1.1/swagger-core-2.1.1.jar:/Users/salaboy/.m2/repository/javax/validation/validation-api/2.0.1.Final/validation-api-2.0.1.Final.jar:/Users/salaboy/.m2/repository/io/github/classgraph/classgraph/4.8.44/classgraph-4.8.44.jar:/Users/salaboy/.m2/repository/org/webjars/swagger-ui/3.25.0/swagger-ui-3.25.0.jar:/Users/salaboy/.m2/repository/org/webjars/webjars-locator/0.38/webjars-locator-0.38.jar:/Users/salaboy/.m2/repository/org/webjars/webjars-locator-core/0.45/webjars-locator-core-0.45.jar:/Users/salaboy/.m2/repository/com/github/salaboy/zeebe-cloud-events-java-sdk/master-1d4ca7915a-1/zeebe-cloud-events-java-sdk-master-1d4ca7915a-1.jar:/Users/salaboy/.m2/repository/com/github/salaboy/spring-boot-starter-webflux-cloudevents/master-c2d5646813-1/spring-boot-starter-webflux-cloudevents-master-c2d5646813-1.jar:/Users/salaboy/.m2/repository/org/projectlombok/lombok/1.18.12/lombok-1.18.12.jar:/Users/salaboy/.m2/repository/io/cloudevents/cloudevents-json-jackson/2.0.0-milestone1/cloudevents-json-jackson-2.0.0-milestone1.jar:/Users/salaboy/.m2/repository/io/cloudevents/cloudevents-core/2.0.0-milestone1/cloudevents-core-2.0.0-milestone1.jar:/Users/salaboy/.m2/repository/io/cloudevents/cloudevents-api/2.0.0-milestone1/cloudevents-api-2.0.0-milestone1.jar:/Users/salaboy/.m2/repository/com/fasterxml/jackson/core/jackson-core/2.11.2/jackson-core-2.11.2.jar:/Users/salaboy/.m2/repository/com/fasterxml/jackson/core/jackson-databind/2.11.2/jackson-databind-2.11.2.jar:/Users/salaboy/.m2/repository/com/fasterxml/jackson/core/jackson-annotations/2.11.2/jackson-annotations-2.11.2.jar:/Users/salaboy/.m2/repository/org/springframework/boot/spring-boot-starter-test/2.3.3.RELEASE/spring-boot-starter-test-2.3.3.RELEASE.jar:/Users/salaboy/.m2/repository/org/springframework/boot/spring-boot-test/2.3.3.RELEASE/spring-boot-test-2.3.3.RELEASE.jar:/Users/salaboy/.m2/repository/org/springframework/boot/spring-boot-test-autoconfigure/2.3.3.RELEASE/spring-boot-test-autoconfigure-2.3.3.RELEASE.jar:/Users/salaboy/.m2/repository/com/jayway/jsonpath/json-path/2.4.0/json-path-2.4.0.jar:/Users/salaboy/.m2/repository/net/minidev/json-smart/2.3/json-smart-2.3.jar:/Users/salaboy/.m2/repository/net/minidev/accessors-smart/1.2/accessors-smart-1.2.jar:/Users/salaboy/.m2/repository/jakarta/xml/bind/jakarta.xml.bind-api/2.3.3/jakarta.xml.bind-api-2.3.3.jar:/Users/salaboy/.m2/repository/jakarta/activation/jakarta.activation-api/1.2.2/jakarta.activation-api-1.2.2.jar:/Users/salaboy/.m2/repository/org/assertj/assertj-core/3.16.1/assertj-core-3.16.1.jar:/Users/salaboy/.m2/repository/org/hamcrest/hamcrest/2.2/hamcrest-2.2.jar:/Users/salaboy/.m2/repository/org/junit/jupiter/junit-jupiter/5.6.2/junit-jupiter-5.6.2.jar:/Users/salaboy/.m2/repository/org/junit/jupiter/junit-jupiter-api/5.6.2/junit-jupiter-api-5.6.2.jar:/Users/salaboy/.m2/repository/org/opentest4j/opentest4j/1.2.0/opentest4j-1.2.0.jar:/Users/salaboy/.m2/repository/org/junit/platform/junit-platform-commons/1.6.2/junit-platform-commons-1.6.2.jar:/Users/salaboy/.m2/repository/org/junit/jupiter/junit-jupiter-params/5.6.2/junit-jupiter-params-5.6.2.jar:/Users/salaboy/.m2/repository/org/junit/jupiter/junit-jupiter-engine/5.6.2/junit-jupiter-engine-5.6.2.jar:/Users/salaboy/.m2/repository/org/junit/vintage/junit-vintage-engine/5.6.2/junit-vintage-engine-5.6.2.jar:/Users/salaboy/.m2/repository/org/apiguardian/apiguardian-api/1.1.0/apiguardian-api-1.1.0.jar:/Users/salaboy/.m2/repository/org/junit/platform/junit-platform-engine/1.6.2/junit-platform-engine-1.6.2.jar:/Users/salaboy/.m2/repository/junit/junit/4.13/junit-4.13.jar:/Users/salaboy/.m2/repository/org/mockito/mockito-core/3.3.3/mockito-core-3.3.3.jar:/Users/salaboy/.m2/repository/net/bytebuddy/byte-buddy/1.10.14/byte-buddy-1.10.14.jar:/Users/salaboy/.m2/repository/net/bytebuddy/byte-buddy-agent/1.10.14/byte-buddy-agent-1.10.14.jar:/Users/salaboy/.m2/repository/org/objenesis/objenesis/2.6/objenesis-2.6.jar:/Users/salaboy/.m2/repository/org/mockito/mockito-junit-jupiter/3.3.3/mockito-junit-jupiter-3.3.3.jar:/Users/salaboy/.m2/repository/org/skyscreamer/jsonassert/1.5.0/jsonassert-1.5.0.jar:/Users/salaboy/.m2/repository/com/vaadin/external/google/android-json/0.0.20131108.vaadin1/android-json-0.0.20131108.vaadin1.jar:/Users/salaboy/.m2/repository/org/springframework/spring-core/5.2.8.RELEASE/spring-core-5.2.8.RELEASE.jar:/Users/salaboy/.m2/repository/org/springframework/spring-jcl/5.2.8.RELEASE/spring-jcl-5.2.8.RELEASE.jar:/Users/salaboy/.m2/repository/org/springframework/spring-test/5.2.8.RELEASE/spring-test-5.2.8.RELEASE.jar:/Users/salaboy/.m2/repository/org/xmlunit/xmlunit-core/2.7.0/xmlunit-core-2.7.0.jar:/Users/salaboy/.m2/repository/org/springframework/cloud/spring-cloud-starter-contract-verifier/2.2.1.RELEASE/spring-cloud-starter-contract-verifier-2.2.1.RELEASE.jar:/Users/salaboy/.m2/repository/org/springframework/cloud/spring-cloud-contract-verifier/2.2.1.RELEASE/spring-cloud-contract-verifier-2.2.1.RELEASE.jar:/Users/salaboy/.m2/repository/org/springframework/cloud/spring-cloud-contract-spec/2.2.1.RELEASE/spring-cloud-contract-spec-2.2.1.RELEASE.jar:/Users/salaboy/.m2/repository/org/springframework/cloud/spring-cloud-contract-spec-java/2.2.1.RELEASE/spring-cloud-contract-spec-java-2.2.1.RELEASE.jar:/Users/salaboy/.m2/repository/dk/brics/automaton/automaton/1.11-8/automaton-1.11-8.jar:/Users/salaboy/.m2/repository/org/apache/commons/commons-text/1.7/commons-text-1.7.jar:/Users/salaboy/.m2/repository/org/springframework/cloud/spring-cloud-contract-spec-groovy/2.2.1.RELEASE/spring-cloud-contract-spec-groovy-2.2.1.RELEASE.jar:/Users/salaboy/.m2/repository/org/springframework/cloud/spring-cloud-contract-shade/2.2.1.RELEASE/spring-cloud-contract-shade-2.2.1.RELEASE.jar:/Users/salaboy/.m2/repository/javax/inject/javax.inject/1/javax.inject-1.jar:/Users/salaboy/.m2/repository/com/github/tomakehurst/wiremock-jre8-standalone/2.25.1/wiremock-jre8-standalone-2.25.1.jar:/Users/salaboy/.m2/repository/org/apache/maven/resolver/maven-resolver-api/1.3.3/maven-resolver-api-1.3.3.jar:/Users/salaboy/.m2/repository/com/rackspace/eclipse/webtools/sourceediting/org.eclipse.wst.xml.xpath2.processor/2.1.100/org.eclipse.wst.xml.xpath2.processor-2.1.100.jar:/Users/salaboy/.m2/repository/edu/princeton/cup/java-cup/10k/java-cup-10k.jar:/Users/salaboy/.m2/repository/com/ibm/icu/icu4j/4.6/icu4j-4.6.jar:/Users/salaboy/.m2/repository/org/codehaus/groovy/groovy/2.5.13/groovy-2.5.13.jar:/Users/salaboy/.m2/repository/org/codehaus/groovy/groovy-nio/2.5.13/groovy-nio-2.5.13.jar:/Users/salaboy/.m2/repository/org/codehaus/groovy/groovy-json/2.5.13/groovy-json-2.5.13.jar:/Users/salaboy/.m2/repository/org/codehaus/groovy/groovy-xml/2.5.13/groovy-xml-2.5.13.jar:/Users/salaboy/.m2/repository/com/github/jknack/handlebars/4.1.2/handlebars-4.1.2.jar:/Users/salaboy/.m2/repository/commons-beanutils/commons-beanutils/1.9.4/commons-beanutils-1.9.4.jar:/Users/salaboy/.m2/repository/commons-logging/commons-logging/1.2/commons-logging-1.2.jar:/Users/salaboy/.m2/repository/commons-collections/commons-collections/3.2.2/commons-collections-3.2.2.jar:/Users/salaboy/.m2/repository/com/fasterxml/jackson/dataformat/jackson-dataformat-yaml/2.11.2/jackson-dataformat-yaml-2.11.2.jar:/Users/salaboy/.m2/repository/org/springframework/cloud/spring-cloud-function-compiler/3.0.1.RELEASE/spring-cloud-function-compiler-3.0.1.RELEASE.jar:/Users/salaboy/.m2/repository/org/eclipse/jdt/core/compiler/ecj/4.4.2/ecj-4.4.2.jar:/Users/salaboy/.m2/repository/org/springframework/cloud/spring-cloud-function-core/3.0.1.RELEASE/spring-cloud-function-core-3.0.1.RELEASE.jar:/Users/salaboy/.m2/repository/javax/annotation/javax.annotation-api/1.3.2/javax.annotation-api-1.3.2.jar:/Users/salaboy/.m2/repository/io/rest-assured/rest-assured/3.3.0/rest-assured-3.3.0.jar:/Users/salaboy/.m2/repository/org/apache/httpcomponents/httpclient/4.5.12/httpclient-4.5.12.jar:/Users/salaboy/.m2/repository/org/apache/httpcomponents/httpcore/4.4.13/httpcore-4.4.13.jar:/Users/salaboy/.m2/repository/commons-codec/commons-codec/1.14/commons-codec-1.14.jar:/Users/salaboy/.m2/repository/org/apache/httpcomponents/httpmime/4.5.12/httpmime-4.5.12.jar:/Users/salaboy/.m2/repository/org/hamcrest/hamcrest-core/2.2/hamcrest-core-2.2.jar:/Users/salaboy/.m2/repository/org/hamcrest/hamcrest-library/2.2/hamcrest-library-2.2.jar:/Users/salaboy/.m2/repository/org/ccil/cowan/tagsoup/tagsoup/1.2.1/tagsoup-1.2.1.jar:/Users/salaboy/.m2/repository/io/rest-assured/json-path/3.3.0/json-path-3.3.0.jar:/Users/salaboy/.m2/repository/io/rest-assured/rest-assured-common/3.3.0/rest-assured-common-3.3.0.jar:/Users/salaboy/.m2/repository/io/rest-assured/xml-path/3.3.0/xml-path-3.3.0.jar:/Users/salaboy/.m2/repository/javax/xml/bind/jaxb-api/2.3.1/jaxb-api-2.3.1.jar:/Users/salaboy/.m2/repository/javax/activation/javax.activation-api/1.2.0/javax.activation-api-1.2.0.jar:/Users/salaboy/.m2/repository/com/sun/xml/bind/jaxb-osgi/2.2.10/jaxb-osgi-2.2.10.jar:/Users/salaboy/.m2/repository/org/apache/sling/org.apache.sling.javax.activation/0.1.0/org.apache.sling.javax.activation-0.1.0.jar:/Users/salaboy/.m2/repository/javax/activation/activation/1.1.1/activation-1.1.1.jar:/Users/salaboy/.m2/repository/io/rest-assured/spring-mock-mvc/3.3.0/spring-mock-mvc-3.3.0.jar:/Users/salaboy/.m2/repository/io/rest-assured/spring-commons/3.3.0/spring-commons-3.3.0.jar:/Users/salaboy/.m2/repository/com/toomuchcoding/jsonassert/jsonassert/0.4.13/jsonassert-0.4.13.jar:/Users/salaboy/.m2/repository/cglib/cglib/3.2.9/cglib-3.2.9.jar:/Users/salaboy/.m2/repository/org/ow2/asm/asm/7.0/asm-7.0.jar:/Users/salaboy/.m2/repository/org/apache/ant/ant/1.10.3/ant-1.10.3.jar:/Users/salaboy/.m2/repository/org/apache/ant/ant-launcher/1.10.3/ant-launcher-1.10.3.jar:"/>
    <property name="sun.cpu.endian" value="little"/>
    <property name="user.home" value="/Users/salaboy"/>
    <property name="user.language" value="en"/>
    <property name="java.specification.vendor" value="Oracle Corporation"/>
    <property name="java.version.date" value="2019-07-16"/>
    <property name="java.home" value="/Library/Java/JavaVirtualMachines/adoptopenjdk-12.0.2.jdk/Contents/Home"/>
    <property name="file.separator" value="/"/>
    <property name="basedir" value="/Users/salaboy/code/jx3/fmtok8s/fmtok8s-agenda-rest"/>
    <property name="java.vm.compressedOopsMode" value="Zero based"/>
    <property name="line.separator" value="&#10;"/>
    <property name="java.vm.specification.vendor" value="Oracle Corporation"/>
    <property name="java.specification.name" value="Java Platform API Specification"/>
    <property name="java.awt.graphicsenv" value="sun.awt.CGraphicsEnvironment"/>
    <property name="surefire.real.class.path" value="/Users/salaboy/code/jx3/fmtok8s/fmtok8s-agenda-rest/target/surefire/surefirebooter13908255935242051369.jar"/>
    <property name="sun.management.compiler" value="HotSpot 64-Bit Tiered Compilers"/>
    <property name="ftp.nonProxyHosts" value="local|*.local|169.254/16|*.169.254/16"/>
    <property name="java.runtime.version" value="12.0.2+10"/>
    <property name="user.name" value="salaboy"/>
    <property name="path.separator" value=":"/>
    <property name="os.version" value="10.15.7"/>
    <property name="java.runtime.name" value="OpenJDK Runtime Environment"/>
    <property name="file.encoding" value="UTF-8"/>
    <property name="java.vm.name" value="OpenJDK 64-Bit Server VM"/>
    <property name="java.vendor.version" value="AdoptOpenJDK"/>
    <property name="localRepository" value="/Users/salaboy/.m2/repository"/>
    <property name="java.vendor.url.bug" value="https://github.com/AdoptOpenJDK/openjdk-build/issues"/>
    <property name="java.io.tmpdir" value="/var/folders/lb/8zfc2j616nq0831p_qm_7zv00000gn/T/"/>
    <property name="java.version" value="12.0.2"/>
    <property name="user.dir" value="/Users/salaboy/code/jx3/fmtok8s/fmtok8s-agenda-rest"/>
    <property name="os.arch" value="x86_64"/>
    <property name="java.vm.specification.name" value="Java Virtual Machine Specification"/>
    <property name="idea.version2019.3.1" value="true"/>
    <property name="java.library.path" value="/Users/salaboy/Library/Java/Extensions:/Library/Java/Extensions:/Network/Library/Java/Extensions:/System/Library/Java/Extensions:/usr/lib/java:."/>
    <property name="java.vm.info" value="mixed mode, sharing"/>
    <property name="java.vendor" value="AdoptOpenJDK"/>
    <property name="java.vm.version" value="12.0.2+10"/>
    <property name="sun.io.unicode.encoding" value="UnicodeBig"/>
    <property name="socksNonProxyHosts" value="local|*.local|169.254/16|*.169.254/16"/>
    <property name="java.class.version" value="56.0"/>
  </properties>
  <testcase name="clearAgendaItems_shouldBeClearAllAgendaItems" classname="com.salaboy.conferences.agenda.rest.controller.AgendaControllerIntegrationTest" time="0.714"/>
  <testcase name="newAgendaItem_shouldThrowsErrorIfTitleContainsFail" classname="com.salaboy.conferences.agenda.rest.controller.AgendaControllerIntegrationTest" time="0.088"/>
  <testcase name="newAgendaItem_shouldBeCreateANewAgendaItem" classname="com.salaboy.conferences.agenda.rest.controller.AgendaControllerIntegrationTest" time="0.271"/>
  <testcase name="getAll_ShouldReturnsAll" classname="com.salaboy.conferences.agenda.rest.controller.AgendaControllerIntegrationTest" time="0.159"/>
  <testcase name="getAllByDay" classname="com.salaboy.conferences.agenda.rest.controller.AgendaControllerIntegrationTest" time="0.159"/>
  <testcase name="getById_ShouldReturnsTheAgendaItemById" classname="com.salaboy.conferences.agenda.rest.controller.AgendaControllerIntegrationTest" time="0.135"/>
</testsuite>